

Microchip Technology PIC18 LITE Macro Assembler V1.30 build 55553 
                                                                                               Tue Jul  1 12:33:30 2014

Microchip Technology Omniscient Code Generator (Lite mode) build 55553
     1                           	processor	18F26K80
     2                           	fnconf	rparam,??,?,0
     3                           	opt	pw 120
     4                           	opt	lm
     5                           	psect	intcode,global,reloc=2,class=CODE,delta=1
     6                           	psect	cinit,global,reloc=2,class=CODE,delta=1
     7                           	psect	bssCOMRAM,global,class=COMRAM,space=1,delta=1
     8                           	psect	cstackCOMRAM,global,class=COMRAM,space=1,delta=1
     9                           	psect	text0,global,reloc=2,class=CODE,delta=1
    10                           	psect	text1,global,reloc=2,class=CODE,delta=1
    11                           	psect	text2,global,reloc=2,class=CODE,delta=1
    12                           	psect	text3,global,reloc=2,class=CODE,delta=1
    13                           	psect	intsave_regs,global,class=BIGRAM,space=1,delta=1
    14                           	psect	rparam,global,class=COMRAM,space=1,delta=1
    15  0000                     _ADCON1	set	4033
    16  0000                     _BAUDCON1bits	set	4007
    17  0000                     _CANCON	set	3951
    18  0000                     _CANSTATbits	set	3950
    19  0000                     _ECANCON	set	3954
    20  0000                     _LATAbits	set	3977
    21  0000                     _PIR1bits	set	3998
    22  0000                     _RCSTAbits	set	4011
    23  0000                     _RXB0CONbits	set	3936
    24  0000                     _RXB0D0	set	3942
    25  0000                     _RXB0D1	set	3943
    26  0000                     _RXB0D2	set	3944
    27  0000                     _RXB0D3	set	3945
    28  0000                     _RXB0D4	set	3946
    29  0000                     _RXB0D5	set	3947
    30  0000                     _RXB0D6	set	3948
    31  0000                     _RXB0D7	set	3949
    32  0000                     _RXB0DLC	set	3941
    33  0000                     _RXB0EIDH	set	3939
    34  0000                     _RXB0EIDL	set	3940
    35  0000                     _RXB0SIDH	set	3937
    36  0000                     _RXB0SIDL	set	3938
    37  0000                     _SPBRG	set	4015
    38  0000                     _TRISAbits	set	3986
    39  0000                     _TRISCbits	set	3988
    40  0000                     _TXSTAbits	set	4012
    41  0000                     _GIE	set	32663
    42  0000                     _PEIE	set	32662
    43  0000                     _PSA	set	32427
    44  0000                     _T08BIT	set	32430
    45  0000                     _T0CS	set	32429
    46  0000                     _T0PS0	set	32424
    47  0000                     _T0PS1	set	32425
    48  0000                     _T0PS2	set	32426
    49  0000                     _TMR0IE	set	32661
    50  0000                     _TMR0IF	set	32658
    51  0000                     _TMR0ON	set	32431
    52                           
    53 ;; *************** function _ISRCode *****************
    54 ;; Defined at:
    55 ;;		line 51 in file "easycan.c"
    56 ;; Parameters:    Size  Location     Type
    57 ;;		None
    58 ;; Auto vars:     Size  Location     Type
    59 ;;		None
    60 ;; Return value:  Size  Location     Type
    61 ;;		None               void
    62 ;; Registers used:
    63 ;;		wreg, status,2, status,0
    64 ;; Tracked objects:
    65 ;;		On entry : 0/0
    66 ;;		On exit  : 0/0
    67 ;;		Unchanged: 0/0
    68 ;; Data sizes:     COMRAM   BANK0   BANK1   BANK2   BANK3   BANK4   BANK5   BANK6   BANK7   BANK8   BANK9  BANK10  BANK1
      +1  BANK12  BANK13  BANK14
    69 ;;      Params:         0       0       0       0       0       0       0       0       0       0       0       0       
      +0       0       0       0
    70 ;;      Locals:         0       0       0       0       0       0       0       0       0       0       0       0       
      +0       0       0       0
    71 ;;      Temps:         14       0       0       0       0       0       0       0       0       0       0       0       
      +0       0       0       0
    72 ;;      Totals:        14       0       0       0       0       0       0       0       0       0       0       0       
      +0       0       0       0
    73 ;;Total ram usage:       14 bytes
    74 ;; Hardware stack levels used:    1
    75 ;; This function calls:
    76 ;;		Nothing
    77 ;; This function is called by:
    78 ;;		Interrupt level 2
    79 ;; This function uses a non-reentrant model
    80 ;;
    81                           
    82                           	psect	intcode
    83  000008                     __pintcode:
    84                           	opt stack 0
    85  000008                     _ISRCode:
    86                           	opt stack 29
    87                           
    88                           ;incstack = 0
    89  000008  CFFA F001          	movff	pclath,??_ISRCode
    90  00000C  CFFB F002          	movff	pclatu,??_ISRCode+1
    91  000010  CFE9 F003          	movff	fsr0l,??_ISRCode+2
    92  000014  CFEA F004          	movff	fsr0h,??_ISRCode+3
    93  000018  CFE1 F005          	movff	fsr1l,??_ISRCode+4
    94  00001C  CFE2 F006          	movff	fsr1h,??_ISRCode+5
    95  000020  CFD9 F007          	movff	fsr2l,??_ISRCode+6
    96  000024  CFDA F008          	movff	fsr2h,??_ISRCode+7
    97  000028  CFF3 F009          	movff	prodl,??_ISRCode+8
    98  00002C  CFF4 F00A          	movff	prodh,??_ISRCode+9
    99  000030  CFF6 F00B          	movff	tblptrl,??_ISRCode+10
   100  000034  CFF7 F00C          	movff	tblptrh,??_ISRCode+11
   101  000038  CFF8 F00D          	movff	tblptru,??_ISRCode+12
   102  00003C  CFF5 F00E          	movff	tablat,??_ISRCode+13
   103                           
   104                           ;easycan.c: 52: if (TMR0IE && TMR0IF) {
   105  000040  BAF2               	btfsc	intcon,5,c	;volatile
   106  000042  A4F2               	btfss	intcon,2,c	;volatile
   107  000044  D015               	goto	i2l54
   108                           
   109                           ;easycan.c: 54: timer_ticks++;
   110  000046  2A16               	incf	_timer_ticks,f,c	;volatile
   111                           
   112                           ;easycan.c: 56: if (timer_ticks==20) {
   113  000048  5016               	movf	_timer_ticks,w,c	;volatile
   114  00004A  0A14               	xorlw	20
   115  00004C  B4D8               	btfsc	status,2,c
   116                           
   117                           ;easycan.c: 57: (LATAbits.LATA0) = 0;
   118  00004E  9089               	bcf	3977,0,c	;volatile
   119                           
   120                           ;easycan.c: 58: }
   121                           ;easycan.c: 60: if (timer_ticks==40) {
   122  000050  5016               	movf	_timer_ticks,w,c	;volatile
   123  000052  0A28               	xorlw	40
   124  000054  B4D8               	btfsc	status,2,c
   125                           
   126                           ;easycan.c: 61: (LATAbits.LATA0) = 1;
   127  000056  8089               	bsf	3977,0,c	;volatile
   128                           
   129                           ;easycan.c: 62: }
   130                           ;easycan.c: 64: if (timer_ticks==60) {
   131  000058  5016               	movf	_timer_ticks,w,c	;volatile
   132  00005A  0A3C               	xorlw	60
   133  00005C  B4D8               	btfsc	status,2,c
   134                           
   135                           ;easycan.c: 65: (LATAbits.LATA0) = 0;
   136  00005E  9089               	bcf	3977,0,c	;volatile
   137                           
   138                           ;easycan.c: 66: }
   139                           ;easycan.c: 68: if (timer_ticks==250) {
   140  000060  5016               	movf	_timer_ticks,w,c	;volatile
   141  000062  0AFA               	xorlw	250
   142  000064  A4D8               	btfss	status,2,c
   143  000066  D003               	goto	i2l737
   144                           
   145                           ;easycan.c: 69: (LATAbits.LATA0) = 1;
   146  000068  8089               	bsf	3977,0,c	;volatile
   147                           
   148                           ;easycan.c: 70: timer_ticks=0;
   149  00006A  0E00               	movlw	0
   150  00006C  6E16               	movwf	_timer_ticks,c	;volatile
   151  00006E                     i2l737:
   152                           
   153                           ;easycan.c: 71: }
   154                           ;easycan.c: 72: TMR0IF = 0;
   155  00006E  94F2               	bcf	intcon,2,c	;volatile
   156  000070                     i2l54:
   157  000070  C00E  FFF5         	movff	??_ISRCode+13,tablat
   158  000074  C00D  FFF8         	movff	??_ISRCode+12,tblptru
   159  000078  C00C  FFF7         	movff	??_ISRCode+11,tblptrh
   160  00007C  C00B  FFF6         	movff	??_ISRCode+10,tblptrl
   161  000080  C00A  FFF4         	movff	??_ISRCode+9,prodh
   162  000084  C009  FFF3         	movff	??_ISRCode+8,prodl
   163  000088  C008  FFDA         	movff	??_ISRCode+7,fsr2h
   164  00008C  C007  FFD9         	movff	??_ISRCode+6,fsr2l
   165  000090  C006  FFE2         	movff	??_ISRCode+5,fsr1h
   166  000094  C005  FFE1         	movff	??_ISRCode+4,fsr1l
   167  000098  C004  FFEA         	movff	??_ISRCode+3,fsr0h
   168  00009C  C003  FFE9         	movff	??_ISRCode+2,fsr0l
   169  0000A0  C002  FFFB         	movff	??_ISRCode+1,pclatu
   170  0000A4  C001  FFFA         	movff	??_ISRCode,pclath
   171  0000A8  0011               	retfie		f
   172  0000AA                     __end_of_ISRCode:
   173                           	opt stack 0
   174  0000                     pclatu	equ	0xFFB
   175                           pclath	equ	0xFFA
   176                           tblptru	equ	0xFF8
   177                           tblptrh	equ	0xFF7
   178                           tblptrl	equ	0xFF6
   179                           tablat	equ	0xFF5
   180                           prodh	equ	0xFF4
   181                           prodl	equ	0xFF3
   182                           intcon	equ	0xFF2
   183                           fsr0h	equ	0xFEA
   184                           fsr0l	equ	0xFE9
   185                           fsr1h	equ	0xFE2
   186                           fsr1l	equ	0xFE1
   187                           fsr2h	equ	0xFDA
   188                           fsr2l	equ	0xFD9
   189                           status	equ	0xFD8
   190                           
   191                           ; #config settings
   192                           
   193                           	psect	cinit
   194  0000EE                     __pcinit:
   195                           	opt stack 0
   196  0000EE                     start_initialization:
   197                           	opt stack 0
   198  0000EE                     __initialization:
   199                           	opt stack 0
   200                           
   201                           ; Clear objects allocated to COMRAM (3 bytes)
   202  0000EE  6A16               	clrf	(__pbssCOMRAM+2)& (0+255),c
   203  0000F0  6A15               	clrf	(__pbssCOMRAM+1)& (0+255),c
   204  0000F2  6A14               	clrf	__pbssCOMRAM& (0+255),c
   205  0000F4                     end_of_initialization:
   206                           	opt stack 0
   207  0000F4                     __end_of__initialization:
   208                           	opt stack 0
   209  0000F4  0100               	movlb	0
   210  0000F6  EF70  F000         	goto	_main	;jump to C main() function
   211                           pclatu	equ	0xFFB
   212                           pclath	equ	0xFFA
   213                           tblptru	equ	0xFF8
   214                           tblptrh	equ	0xFF7
   215                           tblptrl	equ	0xFF6
   216                           tablat	equ	0xFF5
   217                           prodh	equ	0xFF4
   218                           prodl	equ	0xFF3
   219                           intcon	equ	0xFF2
   220                           fsr0h	equ	0xFEA
   221                           fsr0l	equ	0xFE9
   222                           fsr1h	equ	0xFE2
   223                           fsr1l	equ	0xFE1
   224                           fsr2h	equ	0xFDA
   225                           fsr2l	equ	0xFD9
   226                           status	equ	0xFD8
   227                           
   228                           	psect	bssCOMRAM
   229  000014                     __pbssCOMRAM:
   230                           	opt stack 0
   231  000014                     _i:
   232                           	opt stack 0
   233  000014                     	ds	2
   234  000016                     _timer_ticks:
   235                           	opt stack 0
   236  000016                     	ds	1
   237                           pclatu	equ	0xFFB
   238                           pclath	equ	0xFFA
   239                           tblptru	equ	0xFF8
   240                           tblptrh	equ	0xFF7
   241                           tblptrl	equ	0xFF6
   242                           tablat	equ	0xFF5
   243                           prodh	equ	0xFF4
   244                           prodl	equ	0xFF3
   245                           intcon	equ	0xFF2
   246                           fsr0h	equ	0xFEA
   247                           fsr0l	equ	0xFE9
   248                           fsr1h	equ	0xFE2
   249                           fsr1l	equ	0xFE1
   250                           fsr2h	equ	0xFDA
   251                           fsr2l	equ	0xFD9
   252                           status	equ	0xFD8
   253                           
   254                           	psect	cstackCOMRAM
   255  000001                     __pcstackCOMRAM:
   256                           	opt stack 0
   257  000001                     ??_ISRCode:
   258                           
   259                           ; 0 bytes @ 0x0
   260  000001                     	ds	14
   261  00000F                     
   262                           ; 2 bytes @ 0xE
   263  00000F                     	ds	2
   264  000011                     
   265                           ; 3 bytes @ 0x10
   266  000011                     	ds	3
   267  000014                     pclatu	equ	0xFFB
   268                           pclath	equ	0xFFA
   269                           tblptru	equ	0xFF8
   270                           tblptrh	equ	0xFF7
   271                           tblptrl	equ	0xFF6
   272                           tablat	equ	0xFF5
   273                           prodh	equ	0xFF4
   274                           prodl	equ	0xFF3
   275                           intcon	equ	0xFF2
   276                           fsr0h	equ	0xFEA
   277                           fsr0l	equ	0xFE9
   278                           fsr1h	equ	0xFE2
   279                           fsr1l	equ	0xFE1
   280                           fsr2h	equ	0xFDA
   281                           fsr2l	equ	0xFD9
   282                           status	equ	0xFD8
   283                           
   284                           ; 0 bytes @ 0x13
   285 ;;
   286 ;;Main: autosize = 0, tempsize = 0, incstack = 0, save=0
   287 ;;
   288 ;; *************** function _main *****************
   289 ;; Defined at:
   290 ;;		line 41 in file "easycan.c"
   291 ;; Parameters:    Size  Location     Type
   292 ;;  argc            2   14[COMRAM] int 
   293 ;;  argv            3   16[COMRAM] PTR PTR unsigned char 
   294 ;; Auto vars:     Size  Location     Type
   295 ;;		None
   296 ;; Return value:  Size  Location     Type
   297 ;;		None               void
   298 ;; Registers used:
   299 ;;		wreg, fsr0l, fsr0h, fsr1l, fsr1h, fsr1l, fsr1h, fsr2l, fsr2h, status,2, status,0, pclat, btemp, btemp+1, btemp+2, bt
      +emp+3, btemp+4, btemp+5, btemp+6, btemp+7, btemp+8, btemp+9, btemp+10, btemp+11, tosl, structret, tblptrl, tblptrh, tblp
      +tru, prodl, prodh, bsr, cstack
   300 ;; Tracked objects:
   301 ;;		On entry : 0/0
   302 ;;		On exit  : 0/0
   303 ;;		Unchanged: 0/0
   304 ;; Data sizes:     COMRAM   BANK0   BANK1   BANK2   BANK3   BANK4   BANK5   BANK6   BANK7   BANK8   BANK9  BANK10  BANK1
      +1  BANK12  BANK13  BANK14
   305 ;;      Params:         5       0       0       0       0       0       0       0       0       0       0       0       
      +0       0       0       0
   306 ;;      Locals:         0       0       0       0       0       0       0       0       0       0       0       0       
      +0       0       0       0
   307 ;;      Temps:          0       0       0       0       0       0       0       0       0       0       0       0       
      +0       0       0       0
   308 ;;      Totals:         5       0       0       0       0       0       0       0       0       0       0       0       
      +0       0       0       0
   309 ;;Total ram usage:        5 bytes
   310 ;; Hardware stack levels required when called:    2
   311 ;; This function calls:
   312 ;;		_init_port
   313 ;;		_init_timer
   314 ;;		_init_usart
   315 ;; This function is called by:
   316 ;;		Startup code after reset
   317 ;; This function uses a non-reentrant model
   318 ;;
   319                           
   320                           	psect	text0
   321  0000E0                     __ptext0:
   322                           	opt stack 0
   323  0000E0                     _main:
   324                           	opt stack 29
   325                           
   326                           ;easycan.c: 42: init_port();
   327                           
   328                           ;incstack = 0
   329  0000E0  EC7D  F000         	call	_init_port	;wreg free
   330                           
   331                           ;easycan.c: 43: init_timer();
   332  0000E4  EC65  F000         	call	_init_timer	;wreg free
   333                           
   334                           ;easycan.c: 44: init_usart();
   335  0000E8  EC57  F000         	call	_init_usart	;wreg free
   336  0000EC                     l43:
   337  0000EC  D7FF               	goto	l43
   338  0000EE                     __end_of_main:
   339                           	opt stack 0
   340                           pclatu	equ	0xFFB
   341                           pclath	equ	0xFFA
   342                           tblptru	equ	0xFF8
   343                           tblptrh	equ	0xFF7
   344                           tblptrl	equ	0xFF6
   345                           tablat	equ	0xFF5
   346                           prodh	equ	0xFF4
   347                           prodl	equ	0xFF3
   348                           intcon	equ	0xFF2
   349                           fsr0h	equ	0xFEA
   350                           fsr0l	equ	0xFE9
   351                           fsr1h	equ	0xFE2
   352                           fsr1l	equ	0xFE1
   353                           fsr2h	equ	0xFDA
   354                           fsr2l	equ	0xFD9
   355                           status	equ	0xFD8
   356                           
   357 ;; *************** function _init_usart *****************
   358 ;; Defined at:
   359 ;;		line 13 in file "usart.c"
   360 ;; Parameters:    Size  Location     Type
   361 ;;		None
   362 ;; Auto vars:     Size  Location     Type
   363 ;;		None
   364 ;; Return value:  Size  Location     Type
   365 ;;		None               void
   366 ;; Registers used:
   367 ;;		wreg, status,2
   368 ;; Tracked objects:
   369 ;;		On entry : 0/0
   370 ;;		On exit  : 0/0
   371 ;;		Unchanged: 0/0
   372 ;; Data sizes:     COMRAM   BANK0   BANK1   BANK2   BANK3   BANK4   BANK5   BANK6   BANK7   BANK8   BANK9  BANK10  BANK1
      +1  BANK12  BANK13  BANK14
   373 ;;      Params:         0       0       0       0       0       0       0       0       0       0       0       0       
      +0       0       0       0
   374 ;;      Locals:         0       0       0       0       0       0       0       0       0       0       0       0       
      +0       0       0       0
   375 ;;      Temps:          0       0       0       0       0       0       0       0       0       0       0       0       
      +0       0       0       0
   376 ;;      Totals:         0       0       0       0       0       0       0       0       0       0       0       0       
      +0       0       0       0
   377 ;;Total ram usage:        0 bytes
   378 ;; Hardware stack levels used:    1
   379 ;; Hardware stack levels required when called:    1
   380 ;; This function calls:
   381 ;;		Nothing
   382 ;; This function is called by:
   383 ;;		_main
   384 ;; This function uses a non-reentrant model
   385 ;;
   386                           
   387                           	psect	text1
   388  0000AE                     __ptext1:
   389                           	opt stack 0
   390  0000AE                     _init_usart:
   391                           	opt stack 29
   392                           
   393                           ;usart.c: 15: TXSTAbits.TX9 = 0;
   394                           
   395                           ;incstack = 0
   396  0000AE  9CAC               	bcf	4012,6,c	;volatile
   397                           
   398                           ;usart.c: 16: TXSTAbits.TXEN = 1;
   399  0000B0  8AAC               	bsf	4012,5,c	;volatile
   400                           
   401                           ;usart.c: 17: TXSTAbits.SYNC = 0;
   402  0000B2  98AC               	bcf	4012,4,c	;volatile
   403                           
   404                           ;usart.c: 18: TXSTAbits.BRGH = 1;
   405  0000B4  84AC               	bsf	4012,2,c	;volatile
   406                           
   407                           ;usart.c: 19: RCSTAbits.SPEN = 1;
   408  0000B6  8EAB               	bsf	4011,7,c	;volatile
   409                           
   410                           ;usart.c: 20: RCSTAbits.RX9 = 0;
   411  0000B8  9CAB               	bcf	4011,6,c	;volatile
   412                           
   413                           ;usart.c: 21: RCSTAbits.CREN = 1;
   414  0000BA  88AB               	bsf	4011,4,c	;volatile
   415                           
   416                           ;usart.c: 22: BAUDCON1bits.BRG16 = 0;
   417  0000BC  96A7               	bcf	4007,3,c	;volatile
   418                           
   419                           ;usart.c: 24: SPBRG = ( (((64000000 / 500000) / 8) - 1) / 2 );
   420  0000BE  0E07               	movlw	7
   421  0000C0  6EAF               	movwf	4015,c	;volatile
   422                           
   423                           ;usart.c: 26: TRISCbits.TRISC6 = 0;
   424  0000C2  9C94               	bcf	3988,6,c	;volatile
   425                           
   426                           ;usart.c: 27: TRISCbits.TRISC7 = 1;
   427  0000C4  8E94               	bsf	3988,7,c	;volatile
   428                           
   429                           ;usart.c: 37: PIR1bits.RCIF = 0;
   430  0000C6  9A9E               	bcf	3998,5,c	;volatile
   431  0000C8  0012               	return	
   432  0000CA                     __end_of_init_usart:
   433                           	opt stack 0
   434                           pclatu	equ	0xFFB
   435                           pclath	equ	0xFFA
   436                           tblptru	equ	0xFF8
   437                           tblptrh	equ	0xFF7
   438                           tblptrl	equ	0xFF6
   439                           tablat	equ	0xFF5
   440                           prodh	equ	0xFF4
   441                           prodl	equ	0xFF3
   442                           intcon	equ	0xFF2
   443                           fsr0h	equ	0xFEA
   444                           fsr0l	equ	0xFE9
   445                           fsr1h	equ	0xFE2
   446                           fsr1l	equ	0xFE1
   447                           fsr2h	equ	0xFDA
   448                           fsr2l	equ	0xFD9
   449                           status	equ	0xFD8
   450                           
   451 ;; *************** function _init_timer *****************
   452 ;; Defined at:
   453 ;;		line 21 in file "easycan.c"
   454 ;; Parameters:    Size  Location     Type
   455 ;;		None
   456 ;; Auto vars:     Size  Location     Type
   457 ;;		None
   458 ;; Return value:  Size  Location     Type
   459 ;;		None               void
   460 ;; Registers used:
   461 ;;		None
   462 ;; Tracked objects:
   463 ;;		On entry : 0/0
   464 ;;		On exit  : 0/0
   465 ;;		Unchanged: 0/0
   466 ;; Data sizes:     COMRAM   BANK0   BANK1   BANK2   BANK3   BANK4   BANK5   BANK6   BANK7   BANK8   BANK9  BANK10  BANK1
      +1  BANK12  BANK13  BANK14
   467 ;;      Params:         0       0       0       0       0       0       0       0       0       0       0       0       
      +0       0       0       0
   468 ;;      Locals:         0       0       0       0       0       0       0       0       0       0       0       0       
      +0       0       0       0
   469 ;;      Temps:          0       0       0       0       0       0       0       0       0       0       0       0       
      +0       0       0       0
   470 ;;      Totals:         0       0       0       0       0       0       0       0       0       0       0       0       
      +0       0       0       0
   471 ;;Total ram usage:        0 bytes
   472 ;; Hardware stack levels used:    1
   473 ;; Hardware stack levels required when called:    1
   474 ;; This function calls:
   475 ;;		Nothing
   476 ;; This function is called by:
   477 ;;		_main
   478 ;; This function uses a non-reentrant model
   479 ;;
   480                           
   481                           	psect	text2
   482  0000CA                     __ptext2:
   483                           	opt stack 0
   484  0000CA                     _init_timer:
   485                           	opt stack 29
   486                           
   487                           ;easycan.c: 25: T0PS0=1;
   488                           
   489                           ;incstack = 0
   490  0000CA  80D5               	bsf	4053,0,c	;volatile
   491                           
   492                           ;easycan.c: 26: T0PS1=1;
   493  0000CC  82D5               	bsf	4053,1,c	;volatile
   494                           
   495                           ;easycan.c: 27: T0PS2=1;
   496  0000CE  84D5               	bsf	4053,2,c	;volatile
   497                           
   498                           ;easycan.c: 29: PSA=0;
   499  0000D0  96D5               	bcf	4053,3,c	;volatile
   500                           
   501                           ;easycan.c: 30: T0CS=0;
   502  0000D2  9AD5               	bcf	4053,5,c	;volatile
   503                           
   504                           ;easycan.c: 32: T08BIT=1;
   505  0000D4  8CD5               	bsf	4053,6,c	;volatile
   506                           
   507                           ;easycan.c: 34: TMR0IE=1;
   508  0000D6  8AF2               	bsf	intcon,5,c	;volatile
   509                           
   510                           ;easycan.c: 35: PEIE=1;
   511  0000D8  8CF2               	bsf	intcon,6,c	;volatile
   512                           
   513                           ;easycan.c: 36: GIE=1;
   514  0000DA  8EF2               	bsf	intcon,7,c	;volatile
   515                           
   516                           ;easycan.c: 38: TMR0ON=1;
   517  0000DC  8ED5               	bsf	4053,7,c	;volatile
   518  0000DE  0012               	return	
   519  0000E0                     __end_of_init_timer:
   520                           	opt stack 0
   521                           pclatu	equ	0xFFB
   522                           pclath	equ	0xFFA
   523                           tblptru	equ	0xFF8
   524                           tblptrh	equ	0xFF7
   525                           tblptrl	equ	0xFF6
   526                           tablat	equ	0xFF5
   527                           prodh	equ	0xFF4
   528                           prodl	equ	0xFF3
   529                           intcon	equ	0xFF2
   530                           fsr0h	equ	0xFEA
   531                           fsr0l	equ	0xFE9
   532                           fsr1h	equ	0xFE2
   533                           fsr1l	equ	0xFE1
   534                           fsr2h	equ	0xFDA
   535                           fsr2l	equ	0xFD9
   536                           status	equ	0xFD8
   537                           
   538 ;; *************** function _init_port *****************
   539 ;; Defined at:
   540 ;;		line 16 in file "easycan.c"
   541 ;; Parameters:    Size  Location     Type
   542 ;;		None
   543 ;; Auto vars:     Size  Location     Type
   544 ;;		None
   545 ;; Return value:  Size  Location     Type
   546 ;;		None               void
   547 ;; Registers used:
   548 ;;		wreg, status,2
   549 ;; Tracked objects:
   550 ;;		On entry : 0/0
   551 ;;		On exit  : 0/0
   552 ;;		Unchanged: 0/0
   553 ;; Data sizes:     COMRAM   BANK0   BANK1   BANK2   BANK3   BANK4   BANK5   BANK6   BANK7   BANK8   BANK9  BANK10  BANK1
      +1  BANK12  BANK13  BANK14
   554 ;;      Params:         0       0       0       0       0       0       0       0       0       0       0       0       
      +0       0       0       0
   555 ;;      Locals:         0       0       0       0       0       0       0       0       0       0       0       0       
      +0       0       0       0
   556 ;;      Temps:          0       0       0       0       0       0       0       0       0       0       0       0       
      +0       0       0       0
   557 ;;      Totals:         0       0       0       0       0       0       0       0       0       0       0       0       
      +0       0       0       0
   558 ;;Total ram usage:        0 bytes
   559 ;; Hardware stack levels used:    1
   560 ;; Hardware stack levels required when called:    1
   561 ;; This function calls:
   562 ;;		Nothing
   563 ;; This function is called by:
   564 ;;		_main
   565 ;; This function uses a non-reentrant model
   566 ;;
   567                           
   568                           	psect	text3
   569  0000FA                     __ptext3:
   570                           	opt stack 0
   571  0000FA                     _init_port:
   572                           	opt stack 29
   573                           
   574                           ;easycan.c: 17: ADCON1 = 0x0F;
   575                           
   576                           ;incstack = 0
   577  0000FA  0E0F               	movlw	15
   578  0000FC  6EC1               	movwf	4033,c	;volatile
   579                           
   580                           ;easycan.c: 18: (TRISAbits.TRISA0) = 0;
   581  0000FE  9092               	bcf	3986,0,c	;volatile
   582  000100  0012               	return	
   583  000102                     __end_of_init_port:
   584                           	opt stack 0
   585                           pclatu	equ	0xFFB
   586                           pclath	equ	0xFFA
   587                           tblptru	equ	0xFF8
   588                           tblptrh	equ	0xFF7
   589                           tblptrl	equ	0xFF6
   590                           tablat	equ	0xFF5
   591                           prodh	equ	0xFF4
   592                           prodl	equ	0xFF3
   593                           intcon	equ	0xFF2
   594                           fsr0h	equ	0xFEA
   595                           fsr0l	equ	0xFE9
   596                           fsr1h	equ	0xFE2
   597                           fsr1l	equ	0xFE1
   598                           fsr2h	equ	0xFDA
   599                           fsr2l	equ	0xFD9
   600                           status	equ	0xFD8
   601                           pclatu	equ	0xFFB
   602                           pclath	equ	0xFFA
   603                           tblptru	equ	0xFF8
   604                           tblptrh	equ	0xFF7
   605                           tblptrl	equ	0xFF6
   606                           tablat	equ	0xFF5
   607                           prodh	equ	0xFF4
   608                           prodl	equ	0xFF3
   609                           intcon	equ	0xFF2
   610                           fsr0h	equ	0xFEA
   611                           fsr0l	equ	0xFE9
   612                           fsr1h	equ	0xFE2
   613                           fsr1l	equ	0xFE1
   614                           fsr2h	equ	0xFDA
   615                           fsr2l	equ	0xFD9
   616                           status	equ	0xFD8
   617                           
   618                           	psect	rparam
   619  0000                     pclatu	equ	0xFFB
   620                           pclath	equ	0xFFA
   621                           tblptru	equ	0xFF8
   622                           tblptrh	equ	0xFF7
   623                           tblptrl	equ	0xFF6
   624                           tablat	equ	0xFF5
   625                           prodh	equ	0xFF4
   626                           prodl	equ	0xFF3
   627                           intcon	equ	0xFF2
   628                           fsr0h	equ	0xFEA
   629                           fsr0l	equ	0xFE9
   630                           fsr1h	equ	0xFE2
   631                           fsr1l	equ	0xFE1
   632                           fsr2h	equ	0xFDA
   633                           fsr2l	equ	0xFD9
   634                           status	equ	0xFD8


Data Sizes:
    Strings     0
    Constant    0
    Data        0
    BSS         3
    Persistent  0
    Stack       0

Auto Spaces:
    Space          Size  Autos    Used
    COMRAM           95     19      22
    BANK0           160      0       0
    BANK1           256      0       0
    BANK2           256      0       0
    BANK3           256      0       0
    BANK4           256      0       0
    BANK5           256      0       0
    BANK6           256      0       0
    BANK7           256      0       0
    BANK8           256      0       0
    BANK9           256      0       0
    BANK10          256      0       0
    BANK11          256      0       0
    BANK12          256      0       0
    BANK13          256      0       0
    BANK14           65      0       0

Pointer List with Targets:

    None.

Critical Paths under _main in COMRAM

    None.

Critical Paths under _ISRCode in COMRAM

    None.

Critical Paths under _main in BANK0

    None.

Critical Paths under _ISRCode in BANK0

    None.

Critical Paths under _main in BANK1

    None.

Critical Paths under _ISRCode in BANK1

    None.

Critical Paths under _main in BANK2

    None.

Critical Paths under _ISRCode in BANK2

    None.

Critical Paths under _main in BANK3

    None.

Critical Paths under _ISRCode in BANK3

    None.

Critical Paths under _main in BANK4

    None.

Critical Paths under _ISRCode in BANK4

    None.

Critical Paths under _main in BANK5

    None.

Critical Paths under _ISRCode in BANK5

    None.

Critical Paths under _main in BANK6

    None.

Critical Paths under _ISRCode in BANK6

    None.

Critical Paths under _main in BANK7

    None.

Critical Paths under _ISRCode in BANK7

    None.

Critical Paths under _main in BANK8

    None.

Critical Paths under _ISRCode in BANK8

    None.

Critical Paths under _main in BANK9

    None.

Critical Paths under _ISRCode in BANK9

    None.

Critical Paths under _main in BANK10

    None.

Critical Paths under _ISRCode in BANK10

    None.

Critical Paths under _main in BANK11

    None.

Critical Paths under _ISRCode in BANK11

    None.

Critical Paths under _main in BANK12

    None.

Critical Paths under _ISRCode in BANK12

    None.

Critical Paths under _main in BANK13

    None.

Critical Paths under _ISRCode in BANK13

    None.

Critical Paths under _main in BANK14

    None.

Critical Paths under _ISRCode in BANK14

    None.

Call Graph Tables:

 ---------------------------------------------------------------------------------
 (Depth) Function   	        Calls       Base Space   Used Autos Params    Refs
 ---------------------------------------------------------------------------------
 (0) _main                                                 5     0      5       0
                                             14 COMRAM     5     0      5
                          _init_port
                         _init_timer
                         _init_usart
 ---------------------------------------------------------------------------------
 (1) _init_usart                                           0     0      0       0
 ---------------------------------------------------------------------------------
 (1) _init_timer                                           0     0      0       0
 ---------------------------------------------------------------------------------
 (1) _init_port                                            0     0      0       0
 ---------------------------------------------------------------------------------
 Estimated maximum stack depth 1
 ---------------------------------------------------------------------------------
 (Depth) Function   	        Calls       Base Space   Used Autos Params    Refs
 ---------------------------------------------------------------------------------
 (2) _ISRCode                                             14    14      0       0
                                              0 COMRAM    14    14      0
 ---------------------------------------------------------------------------------
 Estimated maximum stack depth 2
 ---------------------------------------------------------------------------------

 Call Graph Graphs:

 _main (ROOT)
   _init_port
   _init_timer
   _init_usart

 _ISRCode (ROOT)

 Address spaces:
Name               Size   Autos  Total    Cost      Usage
BIGRAM             E40      0       0      35        0.0%
EEDATA             400      0       0       0        0.0%
BITBANK13          100      0       0      31        0.0%
BANK13             100      0       0      32        0.0%
BITBANK12          100      0       0      29        0.0%
BANK12             100      0       0      30        0.0%
BITBANK11          100      0       0      27        0.0%
BANK11             100      0       0      28        0.0%
BITBANK10          100      0       0      25        0.0%
BANK10             100      0       0      26        0.0%
BITBANK9           100      0       0      23        0.0%
BANK9              100      0       0      24        0.0%
BITBANK8           100      0       0      21        0.0%
BANK8              100      0       0      22        0.0%
BITBANK7           100      0       0      19        0.0%
BANK7              100      0       0      20        0.0%
BITBANK6           100      0       0      17        0.0%
BANK6              100      0       0      18        0.0%
BITBANK5           100      0       0      15        0.0%
BANK5              100      0       0      16        0.0%
BITBANK4           100      0       0      13        0.0%
BANK4              100      0       0      14        0.0%
BITBANK3           100      0       0      11        0.0%
BANK3              100      0       0      12        0.0%
BITBANK2           100      0       0       9        0.0%
BANK2              100      0       0      10        0.0%
BITBANK1           100      0       0       7        0.0%
BANK1              100      0       0       8        0.0%
BITBANK0            A0      0       0       4        0.0%
BANK0               A0      0       0       5        0.0%
BITCOMRAM           5F      0       0       0        0.0%
COMRAM              5F     13      16       1       23.2%
BITBANK14           41      0       0      33        0.0%
BANK14              41      0       0      34        0.0%
BITSFR_2             0      0       0      40        0.0%
SFR_2                0      0       0      40        0.0%
BITSFR_1             0      0       0      40        0.0%
SFR_1                0      0       0      40        0.0%
BITSFR               0      0       0      40        0.0%
SFR                  0      0       0      40        0.0%
STACK                0      0       0       2        0.0%
NULL                 0      0       0       0        0.0%
ABS                  0      0      16       6        0.0%
DATA                 0      0      16       3        0.0%
CODE                 0      0       0       0        0.0%


Microchip Technology PIC18 Macro Assembler V1.30 build 55553 
Symbol Table                                                                                   Tue Jul  1 12:33:30 2014

                      _i 0014                       l43 00EC                      _GIE 007F97  
                    _PSA 007EAB                     _T0CS 007EAD                     _PEIE 007F96  
                   i2l54 0070          __end_of_ISRCode 00AA                     _main 00E0  
                   fsr0h 000FEA                     fsr1h 000FE2                     fsr0l 000FE9  
                   fsr2h 000FDA                     fsr1l 000FE1                     fsr2l 000FD9  
                   pclat 000FFA                     prodh 000FF4                     prodl 000FF3  
                   start 00AA             _BAUDCON1bits 000FA7                    ?_main 000F  
                  _T0PS0 007EA8                    _T0PS1 007EA9                    _T0PS2 007EAA  
                  i2l737 006E                    _SPBRG 000FAF                    tablat 000FF5  
                  status 000FD8          __initialization 00EE             __end_of_main 00EE  
                 ??_main 0014            __activetblptr 000000                ??_ISRCode 0001  
                 _ADCON1 000FC1                   _CANCON 000F6F                   _T08BIT 007EAE  
                 _RXB0D0 000F66                   _RXB0D1 000F67                   _RXB0D2 000F68  
                 _RXB0D3 000F69                   _RXB0D4 000F6A                   _RXB0D5 000F6B  
                 _RXB0D6 000F6C                   _RXB0D7 000F6D                   _TMR0IE 007F95  
                 _TMR0IF 007F92                   _TMR0ON 007EAF                   tblptrh 000FF7  
                 tblptrl 000FF6                   tblptru 000FF8               __accesstop 0060  
__end_of__initialization 00F4           __pcstackCOMRAM 0001       __size_of_init_port 0008  
                _ECANCON 000F72                  _ISRCode 0008                  _RXB0DLC 000F65  
                __Hparam 0000                  __Lparam 0000                  __pcinit 00EE  
             _init_timer 00CA                  __ramtop 0F00               _init_usart 00AE  
                __ptext0 00E0                  __ptext1 00AE                  __ptext2 00CA  
                __ptext3 00FA        __end_of_init_port 0102     end_of_initialization 00F4  
              _RCSTAbits 000FAB                _TRISAbits 000F92                _TRISCbits 000F94  
              _TXSTAbits 000FAC              ?_init_timer 0001              ?_init_usart 0001  
    start_initialization 00EE              _CANSTATbits 000F6E              __pbssCOMRAM 0014  
               ?_ISRCode 0001      __size_of_init_timer 0016      __size_of_init_usart 001C  
              __pintcode 0008                _init_port 00FA                 _LATAbits 000F89  
               _PIR1bits 000F9E                 _RXB0EIDH 000F63                 _RXB0EIDL 000F64  
               _RXB0SIDH 000F61                 _RXB0SIDL 000F62         __size_of_ISRCode 00A2  
             ?_init_port 0001                 __Hrparam 0000                 __Lrparam 0000  
           ??_init_timer 000F             ??_init_usart 000F            __size_of_main 000E  
     __end_of_init_timer 00E0       __end_of_init_usart 00CA                 main@argc 000F  
               main@argv 0011              _RXB0CONbits 000F60              ??_init_port 000F  
               intlevel2 0000              _timer_ticks 0016  
