

Microchip Technology PIC18 Macro Assembler V1.30 build 55553 
                                                                                                           Tue Jul  1 12:33:30 2014


     1                           
     2                           	; Microchip MPLAB XC8 C Compiler V1.30
     3                           	; Copyright (C) 1984-2014 HI-TECH Software
     4                           
     5                           	; Auto-generated runtime startup code for final link stage.
     6                           
     7                           	;
     8                           	; Compiler options:
     9                           	;
    10                           	; easycan.c can.c usart.c -P -N255 --warn=0 --addrqual=ignore \
    11                           	; --mode=free --opt=default,+asm,-asmfile,+speed,-space,-debug,9 \
    12                           	; --runtime=+plib -DBAUDRATE=500000 --ROM=default,-fc00-ffff \
    13                           	; --chip=18F26K80 -I/opt/microchip/xc8/v1.30/include --ASMLIST -M
    14                           	;
    15                           
    16                           
    17                           	processor	18F26K80
    18                           
    19                           	GLOBAL	_main,start
    20                           	FNROOT	_main
    21                           
    22  0000                     	pic18cxx	equ	1
    23                           
    24                           	psect	config,class=CONFIG,delta=1,noexec
    25                           	psect	idloc,class=IDLOC,delta=1,noexec
    26                           	psect	const,class=CODE,delta=1,reloc=2,noexec
    27                           	psect	smallconst,class=SMALLCONST,delta=1,reloc=2,noexec
    28                           	psect	mediumconst,class=MEDIUMCONST,delta=1,reloc=2,noexec
    29                           	psect	rbss,class=COMRAM,space=1,noexec
    30                           	psect	bss,class=RAM,space=1,noexec
    31                           	psect	rdata,class=COMRAM,space=1,noexec
    32                           	psect	irdata,class=CODE,space=0,reloc=2,noexec
    33                           	psect	bss,class=RAM,space=1,noexec
    34                           	psect	data,class=RAM,space=1,noexec
    35                           	psect	idata,class=CODE,space=0,reloc=2,noexec
    36                           	psect	nvrram,class=COMRAM,space=1,noexec
    37                           	psect	nvbit,class=COMRAM,bit,space=1,noexec
    38                           	psect	temp,ovrld,class=COMRAM,space=1,noexec
    39                           	psect	struct,ovrld,class=COMRAM,space=1,noexec
    40                           	psect	rbit,class=COMRAM,bit,space=1,noexec
    41                           	psect	bigbss,class=BIGRAM,space=1,noexec
    42                           	psect	bigdata,class=BIGRAM,space=1,noexec
    43                           	psect	ibigdata,class=CODE,space=0,reloc=2,noexec
    44                           	psect	farbss,class=FARRAM,space=0,reloc=2,delta=1,noexec
    45                           	psect	nvFARRAM,class=FARRAM,space=0,reloc=2,delta=1,noexec
    46                           	psect	fardata,class=FARRAM,space=0,reloc=2,delta=1,noexec
    47                           	psect	ifardata,class=CODE,space=0,reloc=2,delta=1,noexec
    48                           
    49                           	psect	reset_vec,class=CODE,delta=1,reloc=2
    50                           	psect	powerup,class=CODE,delta=1,reloc=2
    51                           	psect	intcode,class=CODE,delta=1,reloc=2
    52                           	psect	intcode_body,class=CODE,delta=1,reloc=2
    53                           	psect	intcodelo,class=CODE,delta=1,reloc=2
    54                           	psect	intret,class=CODE,delta=1,reloc=2
    55                           	psect	intentry,class=CODE,delta=1,reloc=2
    56                           
    57                           	psect	intsave_regs,class=BIGRAM,space=1
    58                           	psect	init,class=CODE,delta=1,reloc=2
    59                           	psect	text,class=CODE,delta=1,reloc=2
    60                           GLOBAL	intlevel0,intlevel1,intlevel2
    61  000000                     intlevel0:
    62  000000                     intlevel1:
    63  000000                     intlevel2:
    64                           GLOBAL	intlevel3
    65  000000                     intlevel3:
    66                           	psect	end_init,class=CODE,delta=1,reloc=2
    67                           	psect	clrtext,class=CODE,delta=1,reloc=2
    68                           
    69                           	psect	eeprom_data,class=EEDATA,delta=1,noexec
    70                           	psect	smallconst
    71                           	GLOBAL	__smallconst
    72  000000                     __smallconst:
    73                           	psect	mediumconst
    74                           	GLOBAL	__mediumconst
    75  000000                     __mediumconst:
    76  0000                     wreg	EQU	0FE8h
    77  0000                     fsr0l	EQU	0FE9h
    78  0000                     fsr0h	EQU	0FEAh
    79  0000                     fsr1l	EQU	0FE1h
    80  0000                     fsr1h	EQU	0FE2h
    81  0000                     fsr2l	EQU	0FD9h
    82  0000                     fsr2h	EQU	0FDAh
    83  0000                     postinc0	EQU	0FEEh
    84  0000                     postdec0	EQU	0FEDh
    85  0000                     postinc1	EQU	0FE6h
    86  0000                     postdec1	EQU	0FE5h
    87  0000                     postinc2	EQU	0FDEh
    88  0000                     postdec2	EQU	0FDDh
    89  0000                     tblptrl	EQU	0FF6h
    90  0000                     tblptrh	EQU	0FF7h
    91  0000                     tblptru	EQU	0FF8h
    92  0000                     tablat		EQU	0FF5h
    93                           
    94                           	PSECT	ramtop,class=RAM,noexec
    95                           	GLOBAL	__S1			; top of RAM usage
    96                           	GLOBAL	__ramtop
    97                           	GLOBAL	__LRAM,__HRAM
    98  000F00                     __ramtop:
    99                           
   100                           	psect	reset_vec
   101  000000                     reset_vec:
   102                           	; No powerup routine
   103                           	global start
   104                           
   105                           ; jump to start
   106  000000  EF55  F000         	goto start
   107                           	GLOBAL __accesstop
   108  0000                     __accesstop EQU 96
   109                           
   110                           
   111                           	psect	init
   112  0000AA                     start:
   113                           
   114                           ;Initialize the stack pointer (FSR1)
   115                           	global stacklo, stackhi
   116  0000                     	stacklo	equ	060h
   117  0000                     	stackhi	equ	09FFh
   118                           
   119                           
   120                           	psect	stack,class=STACK,space=2,noexec
   121                           	global ___sp,___inthi_sp,___intlo_sp
   122  000000                     ___sp:
   123  000000                     ___inthi_sp:
   124  000000                     ___intlo_sp:
   125                           
   126                           	psect	end_init
   127                           	global start_initialization
   128  0000AA  EF77  F000         	goto start_initialization	;jump to C runtime clear & initialization


Microchip Technology PIC18 Macro Assembler V1.30 build 55553 
Symbol Table                                                                                               Tue Jul  1 12:33:30 2014

                __S1 0017                 ___sp 0000                 _main 00E0                 start 00AA  
              __HRAM 0000                __LRAM 0001         __mediumconst 0000               stackhi 0009FF  
             stacklo 000060           __accesstop 000060           ___inthi_sp 0000           ___intlo_sp 0000  
            __ramtop 0F00  start_initialization 00EE          __smallconst 0000             intlevel0 0000  
           intlevel1 0000             intlevel2 0000             intlevel3 0000             reset_vec 0000  
